android/build/outputs/mapping/release/seeds.txt
com.mygdx.gamee.AndroidLauncher
com.mygdx.gamee.AndroidLauncher: AndroidLauncher()
com.mygdx.gamee.Tarakan: Tarakan()
com.mygdx.gamee.Muha: Muha()
...
com.badlogic.gdx.graphics.g2d.freetype.FreeType$Size
com.badlogic.gdx.graphics.g2d.freetype.FreeType$Library
com.badlogic.gdx.utils.BufferUtils
com.badlogic.gdx.graphics.g2d.freetype.FreeType$SizeMetrics
com.badlogic.gdx.graphics.g2d.freetype.FreeType$Stroker
com.badlogic.gdx.graphics.glutils.ETC1
com.badlogic.gdx.graphics.g2d.freetype.FreeType$Face
com.badlogic.gdx.graphics.g2d.freetype.FreeType
com.badlogic.gdx.math.Matrix4
com.badlogic.gdx.graphics.g2d.freetype.FreeType$Bitmap
com.badlogic.gdx.graphics.g2d.freetype.FreeType$GlyphSlot
com.badlogic.gdx.graphics.g2d.freetype.FreeType$Glyph
com.badlogic.gdx.graphics.g2d.freetype.FreeType$GlyphMetrics
com.badlogic.gdx.graphics.g2d.Gdx2DPixmap
com.badlogic.gdx.utils.IntArray: IntArray()
com.badlogic.gdx.math.Vector3: Vector3()
com.badlogic.gdx.graphics.Pixmap$Blending: com.badlogic.gdx.graphics.Pixmap$Blending[] values()
com.badlogic.gdx.graphics.g2d.freetype.FreeType: long initFreeTypeJni()
com.badlogic.gdx.Input$Orientation: com.badlogic.gdx.Input$Orientation[] values()
com.badlogic.gdx.graphics.g2d.freetype.FreeType$Face: boolean hasKerning(long)
com.badlogic.gdx.utils.IntSet: IntSet()
com.badlogic.gdx.graphics.g2d.GlyphLayout: GlyphLayout()
com.badlogic.gdx.graphics.g2d.freetype.FreeType$GlyphMetrics: int getHoriAdvance(long)
com.badlogic.gdx.graphics.g2d.TextureRegion: TextureRegion()
com.badlogic.gdx.graphics.g2d.Gdx2DPixmap: java.lang.String getFailureReason()
com.badlogic.gdx.graphics.g2d.freetype.FreeType: int getLastErrorCode()
com.badlogic.gdx.graphics.g2d.freetype.FreeType$Size: long getMetrics(long)
com.badlogic.gdx.graphics.g2d.freetype.FreeType$Glyph: long toBitmap(long,int)
com.badlogic.gdx.utils.OrderedMap: OrderedMap()
com.badlogic.gdx.graphics.g2d.freetype.FreeTypeFontGenerator$Hinting: com.badlogic.gdx.graphics.g2d.freetype.FreeTypeFontGenerator$Hinting[] values()
com.badlogic.gdx.graphics.g2d.freetype.FreeType$Face: long getGlyph(long)
com.badlogic.gdx.graphics.g2d.freetype.FreeType$GlyphMetrics: int getHeight(long)
com.badlogic.gdx.utils.BufferUtils: void copyJni(java.nio.Buffer,int,java.nio.Buffer,int,int)
com.badlogic.gdx.graphics.g2d.freetype.FreeType$Bitmap: int getRows(long)
com.badlogic.gdx.graphics.g2d.freetype.FreeType$Face: int getMaxAdvanceWidth(long)
com.badlogic.gdx.graphics.g2d.PixmapPacker$SkylineStrategy$SkylinePage$Row: PixmapPacker$SkylineStrategy$SkylinePage$Row()
com.badlogic.gdx.Input$OnscreenKeyboardType: com.badlogic.gdx.Input$OnscreenKeyboardType[] values()
com.badlogic.gdx.graphics.glutils.ETC1: void decodeImage(java.nio.ByteBuffer,int,java.nio.ByteBuffer,int,int,int,int)
com.badlogic.gdx.graphics.glutils.ETC1: int getWidthPKM(java.nio.ByteBuffer,int)
com.badlogic.gdx.graphics.g2d.freetype.FreeType$GlyphSlot: long getGlyph(long)
com.badlogic.gdx.Files$FileType: com.badlogic.gdx.Files$FileType valueOf(java.lang.String)
com.badlogic.gdx.utils.BufferUtils: void copyJni(float[],java.nio.Buffer,int,int)
com.badlogic.gdx.utils.SharedLibraryLoader: SharedLibraryLoader()
com.badlogic.gdx.graphics.Texture$TextureWrap: com.badlogic.gdx.graphics.Texture$TextureWrap[] values()
com.badlogic.gdx.utils.BufferUtils: void copyJni(byte[],int,java.nio.Buffer,int,int)
com.badlogic.gdx.graphics.g2d.freetype.FreeType$GlyphSlot: long getMetrics(long)
com.badlogic.gdx.graphics.g2d.freetype.FreeType$SizeMetrics: int getDescender(long)
com.badlogic.gdx.graphics.Pixmap$Format: com.badlogic.gdx.graphics.Pixmap$Format valueOf(java.lang.String)
com.badlogic.gdx.graphics.g2d.Gdx2DPixmap: void setBlend(long,int)
com.badlogic.gdx.graphics.g2d.freetype.FreeTypeFontGenerator$Hinting: com.badlogic.gdx.graphics.g2d.freetype.FreeTypeFontGenerator$Hinting valueOf(java.lang.String)
com.badlogic.gdx.backends.android.DefaultAndroidInput$KeyEvent: DefaultAndroidInput$KeyEvent()
com.badlogic.gdx.graphics.g2d.BitmapFont$Glyph: BitmapFont$Glyph()
com.badlogic.gdx.utils.BufferUtils: java.nio.ByteBuffer newDisposableByteBuffer(int)