android/build/outputs/mapping/release/mapping.txt
# compiler: R8
# compiler_version: 3.3.70
# min_api: 14
# common_typos_disable
# {"id":"com.android.tools.r8.mapping","version":"2.0"}
# pg_map_id: 5c67303
# pg_map_hash: SHA-256 5c67303c6c48a6a9a9aa12858a655ee925f8d5b67aba219f4b1a5d8ae2408a04
com.mygdx.gamee.Game -> n.a:
    com.mygdx.gamee.ScreenGame screenGame -> h
    com.badlogic.gdx.math.Vector3 touch -> e
    com.mygdx.gamee.Tarakan tarakan -> d
    com.badlogic.gdx.graphics.OrthographicCamera camera -> g
    com.mygdx.gamee.ScreenAbout screenAbout -> k
    com.mygdx.gamee.ScreenSettings screenSettings -> j
    com.badlogic.gdx.graphics.g2d.BitmapFont fontLarge -> c
    com.mygdx.gamee.ScreenIntro screenIntro -> i
    com.badlogic.gdx.graphics.g2d.BitmapFont font -> b
    com.badlogic.gdx.graphics.g2d.SpriteBatch batch -> f
    void dispose() -> a
    void create() -> e
    void generateFont() -> h
com.mygdx.gamee.InputKeyboard -> n.b:
    float keyHeight -> g
    float height -> e
    java.lang.String text -> l
    float y -> c
    com.badlogic.gdx.graphics.g2d.TextureRegion imgKeyDown -> q
    com.badlogic.gdx.graphics.g2d.TextureRegion imgEditText -> o
    com.badlogic.gdx.graphics.g2d.TextureRegion imgKeyCL -> t
    long timeDuration -> w
    float padding -> h
    java.lang.String fontName -> k
    float keyWidth -> f
    java.lang.String letters -> m
    int textLength -> i
    float width -> d
    com.badlogic.gdx.graphics.g2d.TextureRegion imgKeyBS -> r
    float x -> b
    com.badlogic.gdx.graphics.g2d.TextureRegion imgKeyUP -> p
    com.badlogic.gdx.utils.Array keys -> y
    long timeStart -> v
    com.badlogic.gdx.graphics.g2d.TextureRegion imgKeySW -> u
    int keyPressed -> x
    com.badlogic.gdx.graphics.g2d.BitmapFont font -> j
    com.badlogic.gdx.graphics.g2d.TextureRegion imgKeyEnter -> s
    com.badlogic.gdx.graphics.Texture imgAtlasKeys -> n
    boolean endOfEdit -> a
    com.badlogic.gdx.graphics.g2d.BitmapFont access$200(com.mygdx.gamee.InputKeyboard) -> a
    void createKBD() -> b
    void draw(com.badlogic.gdx.graphics.g2d.SpriteBatch) -> c
    void drawImgKey(com.badlogic.gdx.graphics.g2d.SpriteBatch,int,float,float,float,float) -> d
    boolean endOfEdit(float,float) -> e
    void generateFont() -> f
    java.lang.String getText() -> g
    void setCharsKBD() -> h
    void setText(int) -> i
com.mygdx.gamee.InputKeyboard$1 -> n.b$a:
com.mygdx.gamee.InputKeyboard$Key -> n.b$b:
    com.mygdx.gamee.InputKeyboard this$0 -> h
    float letterY -> g
    float letterX -> f
    float height -> d
    float width -> c
    float y -> b
    float x -> a
    char letter -> e
    java.lang.String access$100(com.mygdx.gamee.InputKeyboard$Key,float,float) -> a
    java.lang.String hit(float,float) -> b
com.mygdx.gamee.Muha -> n.c:
    float y -> j
    int height -> l
    boolean isAlive -> o
    float x -> i
    int width -> k
    float vy -> n
    float vx -> m
    float getX() -> a
    float getY() -> b
    boolean hit(float,float) -> c
    void move() -> d
com.mygdx.gamee.Player -> n.d:
    java.lang.String name -> a
    int frags -> b
com.mygdx.gamee.ScreenAbout -> n.e:
    com.mygdx.gamee.TextButton btnBack -> c
    com.badlogic.gdx.audio.Sound[] sndTik -> d
    com.mygdx.gamee.Game c -> a
    com.badlogic.gdx.graphics.Texture imgBG -> b
    java.lang.String textAbout -> e
    void show() -> a
    void pause() -> b
    void resume() -> c
    void resize(int,int) -> d
    void render(float) -> e
    void hide() -> f
...
com.badlogic.gdx.utils.LongMap$MapIterator -> l.i$c:
    boolean valid -> e
    int currentIndex -> d
    boolean hasNext -> a
    com.badlogic.gdx.utils.LongMap map -> b
    int nextIndex -> c
    void findNextIndex() -> a
    void reset() -> b
com.badlogic.gdx.utils.LongMap$Values -> l.i$d:
    void reset() -> b
com.badlogic.gdx.utils.NumberUtils -> l.j:
    int floatToIntBits(float) -> a
    int floatToRawIntBits(float) -> b
    float intToFloatColor(int) -> c
com.badlogic.gdx.utils.ObjectIntMap -> l.k:
    java.lang.Object[] keyTable -> b
    int[] valueTable -> c
    com.badlogic.gdx.utils.ObjectIntMap$Entries entries1 -> h
    float loadFactor -> d
    int shift -> f
    com.badlogic.gdx.utils.ObjectIntMap$Entries entries2 -> i
    int mask -> g
    int threshold -> e
    int size -> a
    boolean containsKey(java.lang.Object) -> a
    com.badlogic.gdx.utils.ObjectIntMap$Entries entries() -> b
    int get(java.lang.Object,int) -> c
    com.badlogic.gdx.utils.ObjectIntMap$Entries iterator() -> d
    int locateKey(java.lang.Object) -> e
    int place(java.lang.Object) -> f
    void put(java.lang.Object,int) -> g
    void putResize(java.lang.Object,int) -> h
    void resize(int) -> i
    java.lang.String toString(java.lang.String,boolean) -> j
com.badlogic.gdx.utils.ObjectIntMap$Entries -> l.k$a:
    com.badlogic.gdx.utils.ObjectIntMap$Entry entry -> f
    void reset() -> b
    com.badlogic.gdx.utils.ObjectIntMap$Entries iterator() -> c
    com.badlogic.gdx.utils.ObjectIntMap$Entry next() -> d
com.badlogic.gdx.utils.ObjectIntMap$Entry -> l.k$b:
    java.lang.Object key -> a
    int value -> b
com.badlogic.gdx.utils.ObjectIntMap$MapIterator -> l.k$c:
    boolean valid -> e
    int currentIndex -> d
    com.badlogic.gdx.utils.ObjectIntMap map -> b
    boolean hasNext -> a
    int nextIndex -> c
    void findNextIndex() -> a
    void reset() -> b
com.badlogic.gdx.utils.ObjectMap -> l.l:
    java.lang.Object[] keyTable -> b
    java.lang.Object[] valueTable -> c
    com.badlogic.gdx.utils.ObjectMap$Entries entries1 -> h
    com.badlogic.gdx.utils.ObjectMap$Entries entries2 -> i
    float loadFactor -> d
    int shift -> f
    int mask -> g
    int threshold -> e
    com.badlogic.gdx.utils.ObjectMap$Keys keys1 -> j
    com.badlogic.gdx.utils.ObjectMap$Keys keys2 -> k
    java.lang.Object dummy -> l
    int size -> a
    com.badlogic.gdx.utils.ObjectMap$Entries entries() -> a
    java.lang.Object get(java.lang.Object) -> b
    java.lang.Object get(java.lang.Object,java.lang.Object) -> c
    com.badlogic.gdx.utils.ObjectMap$Entries iterator() -> d
    com.badlogic.gdx.utils.ObjectMap$Keys keys() -> e
    int locateKey(java.lang.Object) -> f
    int place(java.lang.Object) -> g
    java.lang.Object put(java.lang.Object,java.lang.Object) -> h
    void putResize(java.lang.Object,java.lang.Object) -> i
    java.lang.Object remove(java.lang.Object) -> j
    void resize(int) -> k
    java.lang.String toString(java.lang.String,boolean) -> l
com.badlogic.gdx.utils.ObjectMap$Entries -> l.l$a:
    com.badlogic.gdx.utils.ObjectMap$Entry entry -> f
    void reset() -> b
    com.badlogic.gdx.utils.ObjectMap$Entries iterator() -> c
    com.badlogic.gdx.utils.ObjectMap$Entry next() -> d
com.badlogic.gdx.utils.ObjectMap$Entry -> l.l$b:
    java.lang.Object value -> b
    java.lang.Object key -> a
com.badlogic.gdx.utils.ObjectMap$Keys -> l.l$c:
    void reset() -> b
    com.badlogic.gdx.utils.ObjectMap$Keys iterator() -> c
com.badlogic.gdx.utils.ObjectMap$MapIterator -> l.l$d:
    boolean valid -> e
    int currentIndex -> d
    boolean hasNext -> a
    int nextIndex -> c
    com.badlogic.gdx.utils.ObjectMap map -> b
    void findNextIndex() -> a
    void reset() -> b
com.badlogic.gdx.utils.ObjectSet -> l.m:
    int tableSize(int,float) -> a