android/build/outputs/mapping/release/usage.txt
com.mygdx.gamee.BuildConfig
com.mygdx.gamee.Game:
    public static final int SCR_HEIGHT
    public static final int SCR_WIDTH
com.mygdx.gamee.InputKeyboard:
    private static final java.lang.String LETTERS_EN_CAPS
    private static final java.lang.String LETTERS_EN_LOW
    private static final java.lang.String LETTERS_RU_CAPS
    private static final java.lang.String LETTERS_RU_LOW
    public void dispose()
com.mygdx.gamee.R$color
com.mygdx.gamee.R$drawable
com.mygdx.gamee.R$string
com.mygdx.gamee.R
com.mygdx.gamee.ScreenAbout:
    public void dispose()
com.mygdx.gamee.ScreenGame:
    public static final int ENTER_NAME
    public static final int HARD
    public static final int LOW
    public static final int MEDIUM
    public static final int MURAVEI
    public static final int PLAY_GAME
    public static final int SHOW_TABLE
    public static final int TARAKAN
    public static final int ZHUK
    public void dispose()
com.mygdx.gamee.ScreenIntro:
    public void dispose()
com.mygdx.gamee.ScreenSettings:
    public void dispose()
com.mygdx.gamee.Tarakan:
    boolean outBounds2()
com.mygdx.gamee.TextButton:
    public void <init>(com.badlogic.gdx.graphics.g2d.BitmapFont,java.lang.String,float,float)
...
com.badlogic.gdx.ApplicationLogger:
    public abstract void debug(java.lang.String,java.lang.String)
    public abstract void debug(java.lang.String,java.lang.String,java.lang.Throwable)
    public abstract void error(java.lang.String,java.lang.String,java.lang.Throwable)
com.badlogic.gdx.Audio:
    public abstract com.badlogic.gdx.audio.AudioDevice newAudioDevice(int,boolean)
    public abstract com.badlogic.gdx.audio.AudioRecorder newAudioRecorder(int,boolean)
    public abstract com.badlogic.gdx.audio.Music newMusic(com.badlogic.gdx.files.FileHandle)
com.badlogic.gdx.Files:
    public abstract com.badlogic.gdx.files.FileHandle absolute(java.lang.String)
    public abstract com.badlogic.gdx.files.FileHandle classpath(java.lang.String)
    public abstract com.badlogic.gdx.files.FileHandle external(java.lang.String)
    public abstract boolean isExternalStorageAvailable()
    public abstract boolean isLocalStorageAvailable()
    public abstract com.badlogic.gdx.files.FileHandle local(java.lang.String)
com.badlogic.gdx.Game:
    public void dispose()
    public com.badlogic.gdx.Screen getScreen()
com.badlogic.gdx.Gdx:
    public void <init>()
com.badlogic.gdx.Graphics$GraphicsType
com.badlogic.gdx.Graphics$Monitor
com.badlogic.gdx.Graphics:
    public abstract int getBackBufferHeight()
    public abstract float getBackBufferScale()
    public abstract int getBackBufferWidth()
    public abstract com.badlogic.gdx.Graphics$BufferFormat getBufferFormat()
    public abstract float getDensity()
    public abstract com.badlogic.gdx.Graphics$DisplayMode getDisplayMode(com.badlogic.gdx.Graphics$Monitor)
    public abstract com.badlogic.gdx.Graphics$DisplayMode[] getDisplayModes()
    public abstract com.badlogic.gdx.Graphics$DisplayMode[] getDisplayModes(com.badlogic.gdx.Graphics$Monitor)
    public abstract long getFrameId()
    public abstract int getFramesPerSecond()
    public abstract com.badlogic.gdx.graphics.GL20 getGL20()
    public abstract com.badlogic.gdx.graphics.GL30 getGL30()
    public abstract com.badlogic.gdx.graphics.glutils.GLVersion getGLVersion()
    public abstract com.badlogic.gdx.Graphics$Monitor getMonitor()
    public abstract com.badlogic.gdx.Graphics$Monitor[] getMonitors()
    public abstract float getPpcX()
    public abstract float getPpcY()
    public abstract float getPpiX()
    public abstract float getPpiY()
    public abstract com.badlogic.gdx.Graphics$Monitor getPrimaryMonitor()
    public abstract float getRawDeltaTime()
    public abstract int getSafeInsetBottom()
    public abstract int getSafeInsetLeft()
    public abstract int getSafeInsetRight()
    public abstract int getSafeInsetTop()
com.badlogic.gdx.Input$Buttons
com.badlogic.gdx.Input$Keys
com.badlogic.gdx.Input$Peripheral
com.badlogic.gdx.Input$TextInputListener